2018-08-28T02:32:34.755Z - normal: Load ~/.CocosCreator/settings.json
2018-08-28T02:32:34.758Z - normal: checking language setting...
2018-08-28T02:32:34.759Z - normal: Language: zh
2018-08-28T02:32:35.505Z - success: protocol editor-framework registered
2018-08-28T02:32:35.505Z - success: protocol app registered
2018-08-28T02:32:35.506Z - success: protocol theme registered
2018-08-28T02:32:35.506Z - success: protocol packages registered
2018-08-28T02:32:35.506Z - success: protocol unpack registerred
2018-08-28T02:32:35.506Z - success: protocol disable-commonjs registerred
2018-08-28T02:32:35.736Z - normal: connected!
2018-08-28T02:32:35.738Z - normal: Check project /Users/wangliugen/Desktop/NewCocosProject
2018-08-28T02:32:35.739Z - normal: Initializing Cocos2d
2018-08-28T02:32:35.897Z - normal: Initializing Asset Database
2018-08-28T02:32:35.930Z - success: protocol uuid registerred
2018-08-28T02:32:35.930Z - success: protocol db registerred
2018-08-28T02:32:35.930Z - success: protocol thumbnail registerred
2018-08-28T02:32:35.930Z - normal: Loading editor/builtin packages
2018-08-28T02:32:35.948Z - success: anysdk loaded
2018-08-28T02:32:36.063Z - success: assets loaded
2018-08-28T02:32:36.067Z - success: builder loaded
2018-08-28T02:32:36.069Z - success: cocos-analytics loaded
2018-08-28T02:32:36.074Z - success: console loaded
2018-08-28T02:32:36.079Z - success: hierarchy loaded
2018-08-28T02:32:36.083Z - success: inspector loaded
2018-08-28T02:32:36.085Z - success: keystore loaded
2018-08-28T02:32:36.089Z - success: node-library loaded
2018-08-28T02:32:36.091Z - success: package-asset loaded
2018-08-28T02:32:36.094Z - success: preferences loaded
2018-08-28T02:32:36.097Z - success: project-exporter loaded
2018-08-28T02:32:36.113Z - success: project-importer loaded
2018-08-28T02:32:36.116Z - success: project-settings loaded
2018-08-28T02:32:36.121Z - success: ui-kit loaded
2018-08-28T02:32:36.127Z - success: ui-grid loaded
2018-08-28T02:32:36.132Z - success: scene loaded
2018-08-28T02:32:36.134Z - success: sprite-editor loaded
2018-08-28T02:32:36.138Z - success: store loaded
2018-08-28T02:32:36.145Z - success: timeline loaded
2018-08-28T02:32:36.145Z - normal: Loading builtin packages
2018-08-28T02:32:36.149Z - success: asset-db-debugger loaded
2018-08-28T02:32:36.150Z - success: color-picker loaded
2018-08-28T02:32:36.154Z - success: package-manager loaded
2018-08-28T02:32:36.158Z - success: sdkbox loaded
2018-08-28T02:32:36.164Z - success: tester loaded
2018-08-28T02:32:36.169Z - success: ui-kit-preview-extra loaded
2018-08-28T02:32:36.172Z - success: ui-kit-preview loaded
2018-08-28T02:32:36.175Z - success: ui-tree loaded
2018-08-28T02:32:37.130Z - normal: Initializing project /Users/wangliugen/Desktop/NewCocosProject
2018-08-28T02:32:37.132Z - normal: Loading packages
2018-08-28T02:32:37.137Z - normal: Watching packages
2018-08-28T02:32:37.148Z - normal: Run Application
2018-08-28T02:32:38.001Z - success: preview server running at http://localhost:7457
2018-08-28T02:32:42.100Z - normal: 1.8.0
2018-08-28T02:33:23.857Z - info: shutdown preview server
